<?xml version="1.0" encoding="UTF-8"?>
<testsuite xmlns:xsi="http://www.w3.org/2001/XMLSchema-instance" xsi:noNamespaceSchemaLocation="https://maven.apache.org/surefire/maven-surefire-plugin/xsd/surefire-test-report-3.0.xsd" version="3.0" name="com.example.TriangleTest" time="0.181" tests="5" errors="0" skipped="0" failures="0">
  <properties>
[...]
</properties>
  <testcase name="testEquilateral" classname="com.example.TriangleTest" time="0.011"/>
  <testcase name="testNotTriangle1" classname="com.example.TriangleTest" time="0.0"/>
  <testcase name="testIsoceles" classname="com.example.TriangleTest" time="0.0"/>
  <testcase name="testScalene" classname="com.example.TriangleTest" time="0.0"/>
  <testcase name="sidesShouldBePositive" classname="com.example.TriangleTest" time="0.002"/>
</testsuite>